Starting audit...
[ERROR] D:\MSIT\1ST YEAR\ADS1\ADS1 assignment\M24\2\Student.java:13:5: Missing a Javadoc comment. [JavadocVariable]
[ERROR] D:\MSIT\1ST YEAR\ADS1\ADS1 assignment\M24\2\Student.java:26:55: Expected @param tag for 'mark'. [JavadocMethod]
[ERROR] D:\MSIT\1ST YEAR\ADS1\ADS1 assignment\M24\2\Student.java:54:26: Parameter other should be final. [FinalParameters]
Audit done.
Checkstyle ends with 3 errors.
